<?xml version="1.0" encoding="UTF-8"?>
<robot generator="Robot 6.1.1 (Python 3.11.6 on darwin)" generated="20231116 18:46:49.883" rpa="false" schemaversion="4">
<suite id="s1" name="Usb-Teste-Software" source="/Users/luizaraujo/Desktop/Github/Web/Projects/usb-teste-software">
<suite id="s1-s1" name="Profiler" source="/Users/luizaraujo/Desktop/Github/Web/Projects/usb-teste-software/profiler">
<suite id="s1-s1-s1" name="Tests" source="/Users/luizaraujo/Desktop/Github/Web/Projects/usb-teste-software/profiler/tests">
<suite id="s1-s1-s1-s1" name="Login" source="/Users/luizaraujo/Desktop/Github/Web/Projects/usb-teste-software/profiler/tests/login.robot">
<test id="s1-s1-s1-s1-t1" name="Cenário: Login com sucesso" line="9">
<kw name="Abre a página de Login" library="resources">
<kw name="Open Browser" library="SeleniumLibrary">
<arg>${URL_LOGIN}</arg>
<arg>${BROWSER}</arg>
<doc>Opens a new browser instance to the optional ``url``.</doc>
<msg timestamp="20231116 18:46:50.086" level="INFO">Opening browser 'Chrome' to base url 'http://127.0.0.1:5500/profiler/index.html'.</msg>
<status status="PASS" starttime="20231116 18:46:50.085" endtime="20231116 18:46:52.433"/>
</kw>
<status status="PASS" starttime="20231116 18:46:50.084" endtime="20231116 18:46:52.434"/>
</kw>
<kw name="Está na tela de Login" library="resources">
<kw name="Location Should Be" library="SeleniumLibrary">
<arg>${URL_LOGIN}</arg>
<doc>Verifies that the current URL is exactly ``url``.</doc>
<msg timestamp="20231116 18:46:52.440" level="INFO">Current location is 'http://127.0.0.1:5500/profiler/index.html'.</msg>
<status status="PASS" starttime="20231116 18:46:52.435" endtime="20231116 18:46:52.440"/>
</kw>
<status status="PASS" starttime="20231116 18:46:52.434" endtime="20231116 18:46:52.440"/>
</kw>
<kw name="Digita um email valido">
<arg>${EMAIL_CERTO}</arg>
<kw name="Input Text" library="SeleniumLibrary">
<arg>login-email</arg>
<arg>${EMAIL_CERTO}</arg>
<doc>Types the given ``text`` into the text field identified by ``locator``.</doc>
<msg timestamp="20231116 18:46:52.442" level="INFO">Typing text 'luiz@email.com' into text field 'login-email'.</msg>
<status status="PASS" starttime="20231116 18:46:52.441" endtime="20231116 18:46:52.593"/>
</kw>
<status status="PASS" starttime="20231116 18:46:52.441" endtime="20231116 18:46:52.593"/>
</kw>
<kw name="Digita uma senha valida">
<arg>${PASSWORD_CERTO}</arg>
<kw name="Input Text" library="SeleniumLibrary">
<arg>login-password</arg>
<arg>${PASSWORD_CERTO}</arg>
<doc>Types the given ``text`` into the text field identified by ``locator``.</doc>
<msg timestamp="20231116 18:46:52.595" level="INFO">Typing text 'password123' into text field 'login-password'.</msg>
<status status="PASS" starttime="20231116 18:46:52.594" endtime="20231116 18:46:52.661"/>
</kw>
<status status="PASS" starttime="20231116 18:46:52.593" endtime="20231116 18:46:52.661"/>
</kw>
<kw name="Clica no botao Login">
<kw name="Click Element" library="SeleniumLibrary">
<arg>login-button</arg>
<doc>Click the element identified by ``locator``.</doc>
<msg timestamp="20231116 18:46:52.662" level="INFO">Clicking element 'login-button'.</msg>
<status status="PASS" starttime="20231116 18:46:52.662" endtime="20231116 18:46:53.044"/>
</kw>
<status status="PASS" starttime="20231116 18:46:52.661" endtime="20231116 18:46:53.044"/>
</kw>
<kw name="Está logado na Pagina Principal" library="resources">
<kw name="Location Should Be" library="SeleniumLibrary">
<arg>${MAIN_LOGGED}</arg>
<doc>Verifies that the current URL is exactly ``url``.</doc>
<msg timestamp="20231116 18:46:53.049" level="INFO">Current location is 'http://127.0.0.1:5500/profiler/src/main.html?email=luiz@email.com&amp;isLoggedIn=true'.</msg>
<status status="PASS" starttime="20231116 18:46:53.045" endtime="20231116 18:46:53.049"/>
</kw>
<status status="PASS" starttime="20231116 18:46:53.044" endtime="20231116 18:46:53.049"/>
</kw>
<status status="PASS" starttime="20231116 18:46:50.083" endtime="20231116 18:46:53.049"/>
</test>
<test id="s1-s1-s1-s1-t2" name="Cenário: Login sem email" line="17">
<kw name="Vai até tela de Login" library="resources">
<kw name="Go To" library="SeleniumLibrary">
<arg>${URL_LOGIN}</arg>
<doc>Navigates the current browser window to the provided ``url``.</doc>
<msg timestamp="20231116 18:46:53.052" level="INFO">Opening url 'http://127.0.0.1:5500/profiler/index.html'</msg>
<status status="PASS" starttime="20231116 18:46:53.052" endtime="20231116 18:46:53.081"/>
</kw>
<status status="PASS" starttime="20231116 18:46:53.051" endtime="20231116 18:46:53.081"/>
</kw>
<kw name="Está na tela de Login" library="resources">
<kw name="Location Should Be" library="SeleniumLibrary">
<arg>${URL_LOGIN}</arg>
<doc>Verifies that the current URL is exactly ``url``.</doc>
<msg timestamp="20231116 18:46:53.086" level="INFO">Current location is 'http://127.0.0.1:5500/profiler/index.html'.</msg>
<status status="PASS" starttime="20231116 18:46:53.081" endtime="20231116 18:46:53.087"/>
</kw>
<status status="PASS" starttime="20231116 18:46:53.081" endtime="20231116 18:46:53.087"/>
</kw>
<kw name="Digita uma senha valida">
<arg>${PASSWORD_CERTO}</arg>
<kw name="Input Text" library="SeleniumLibrary">
<arg>login-password</arg>
<arg>${PASSWORD_CERTO}</arg>
<doc>Types the given ``text`` into the text field identified by ``locator``.</doc>
<msg timestamp="20231116 18:46:53.089" level="INFO">Typing text 'password123' into text field 'login-password'.</msg>
<status status="PASS" starttime="20231116 18:46:53.088" endtime="20231116 18:46:53.151"/>
</kw>
<status status="PASS" starttime="20231116 18:46:53.087" endtime="20231116 18:46:53.151"/>
</kw>
<kw name="Clica no botao Login">
<kw name="Click Element" library="SeleniumLibrary">
<arg>login-button</arg>
<doc>Click the element identified by ``locator``.</doc>
<msg timestamp="20231116 18:46:53.152" level="INFO">Clicking element 'login-button'.</msg>
<status status="PASS" starttime="20231116 18:46:53.152" endtime="20231116 18:46:53.177"/>
</kw>
<status status="PASS" starttime="20231116 18:46:53.151" endtime="20231116 18:46:53.177"/>
</kw>
<kw name="Campo email está destacado">
<kw name="Run Keyword And Return Status" library="BuiltIn">
<var>${isHighlighted}</var>
<arg>Wait Until Page Contains Element</arg>
<arg>//div[@id="login-password" and contains(@class,'highlight')]</arg>
<arg>${TIMEOUT AJAX}</arg>
<doc>Runs the given keyword with given arguments and returns the status as a Boolean value.</doc>
<kw name="Wait Until Page Contains Element" library="SeleniumLibrary">
<arg>//div[@id="login-password" and contains(@class,'highlight')]</arg>
<arg>${TIMEOUT AJAX}</arg>
<doc>Waits until the element ``locator`` appears on the current page.</doc>
<msg timestamp="20231116 18:46:53.179" level="FAIL">Variable '${TIMEOUT AJAX}' not found.</msg>
<status status="FAIL" starttime="20231116 18:46:53.178" endtime="20231116 18:46:53.179"/>
</kw>
<msg timestamp="20231116 18:46:53.179" level="INFO">${isHighlighted} = False</msg>
<status status="PASS" starttime="20231116 18:46:53.177" endtime="20231116 18:46:53.179"/>
</kw>
<kw name="Run Keyword If" library="BuiltIn">
<arg>${isHighlighted}</arg>
<arg>is ${TRUE}</arg>
<doc>Runs the given keyword with the given arguments, if ``condition`` is true.</doc>
<status status="PASS" starttime="20231116 18:46:53.179" endtime="20231116 18:46:53.180"/>
</kw>
<status status="PASS" starttime="20231116 18:46:53.177" endtime="20231116 18:46:53.180"/>
</kw>
<kw name="Está na tela de Login" library="resources">
<kw name="Location Should Be" library="SeleniumLibrary">
<arg>${URL_LOGIN}</arg>
<doc>Verifies that the current URL is exactly ``url``.</doc>
<msg timestamp="20231116 18:46:53.200" level="INFO">Current location is 'http://127.0.0.1:5500/profiler/index.html'.</msg>
<status status="PASS" starttime="20231116 18:46:53.181" endtime="20231116 18:46:53.200"/>
</kw>
<status status="PASS" starttime="20231116 18:46:53.180" endtime="20231116 18:46:53.201"/>
</kw>
<status status="PASS" starttime="20231116 18:46:53.050" endtime="20231116 18:46:53.201"/>
</test>
<test id="s1-s1-s1-s1-t3" name="Cenário: Login sem senha" line="26">
<kw name="Vai até tela de Login" library="resources">
<kw name="Go To" library="SeleniumLibrary">
<arg>${URL_LOGIN}</arg>
<doc>Navigates the current browser window to the provided ``url``.</doc>
<msg timestamp="20231116 18:46:53.203" level="INFO">Opening url 'http://127.0.0.1:5500/profiler/index.html'</msg>
<status status="PASS" starttime="20231116 18:46:53.203" endtime="20231116 18:46:53.222"/>
</kw>
<status status="PASS" starttime="20231116 18:46:53.202" endtime="20231116 18:46:53.222"/>
</kw>
<kw name="Está na tela de Login" library="resources">
<kw name="Location Should Be" library="SeleniumLibrary">
<arg>${URL_LOGIN}</arg>
<doc>Verifies that the current URL is exactly ``url``.</doc>
<msg timestamp="20231116 18:46:53.226" level="INFO">Current location is 'http://127.0.0.1:5500/profiler/index.html'.</msg>
<status status="PASS" starttime="20231116 18:46:53.223" endtime="20231116 18:46:53.226"/>
</kw>
<status status="PASS" starttime="20231116 18:46:53.222" endtime="20231116 18:46:53.226"/>
</kw>
<kw name="Digita um email valido">
<arg>${EMAIL_CERTO}</arg>
<kw name="Input Text" library="SeleniumLibrary">
<arg>login-email</arg>
<arg>${EMAIL_CERTO}</arg>
<doc>Types the given ``text`` into the text field identified by ``locator``.</doc>
<msg timestamp="20231116 18:46:53.228" level="INFO">Typing text 'luiz@email.com' into text field 'login-email'.</msg>
<status status="PASS" starttime="20231116 18:46:53.227" endtime="20231116 18:46:53.294"/>
</kw>
<status status="PASS" starttime="20231116 18:46:53.227" endtime="20231116 18:46:53.295"/>
</kw>
<kw name="Clica no botao Login">
<kw name="Click Element" library="SeleniumLibrary">
<arg>login-button</arg>
<doc>Click the element identified by ``locator``.</doc>
<msg timestamp="20231116 18:46:53.296" level="INFO">Clicking element 'login-button'.</msg>
<status status="PASS" starttime="20231116 18:46:53.295" endtime="20231116 18:46:53.394"/>
</kw>
<status status="PASS" starttime="20231116 18:46:53.295" endtime="20231116 18:46:53.395"/>
</kw>
<kw name="Campo senha está destacado">
<kw name="Run Keyword And Return Status" library="BuiltIn">
<var>${isHighlighted}</var>
<arg>Wait Until Page Contains Element</arg>
<arg>//div[@id="login-password" and contains(@class,'highlight')]</arg>
<arg>${TIMEOUT AJAX}</arg>
<doc>Runs the given keyword with given arguments and returns the status as a Boolean value.</doc>
<kw name="Wait Until Page Contains Element" library="SeleniumLibrary">
<arg>//div[@id="login-password" and contains(@class,'highlight')]</arg>
<arg>${TIMEOUT AJAX}</arg>
<doc>Waits until the element ``locator`` appears on the current page.</doc>
<msg timestamp="20231116 18:46:53.398" level="FAIL">Variable '${TIMEOUT AJAX}' not found.</msg>
<status status="FAIL" starttime="20231116 18:46:53.396" endtime="20231116 18:46:53.398"/>
</kw>
<msg timestamp="20231116 18:46:53.399" level="INFO">${isHighlighted} = False</msg>
<status status="PASS" starttime="20231116 18:46:53.395" endtime="20231116 18:46:53.399"/>
</kw>
<kw name="Run Keyword If" library="BuiltIn">
<arg>${isHighlighted}</arg>
<arg>is ${TRUE}</arg>
<doc>Runs the given keyword with the given arguments, if ``condition`` is true.</doc>
<status status="PASS" starttime="20231116 18:46:53.400" endtime="20231116 18:46:53.400"/>
</kw>
<status status="PASS" starttime="20231116 18:46:53.395" endtime="20231116 18:46:53.401"/>
</kw>
<kw name="Está na tela de Login" library="resources">
<kw name="Location Should Be" library="SeleniumLibrary">
<arg>${URL_LOGIN}</arg>
<doc>Verifies that the current URL is exactly ``url``.</doc>
<msg timestamp="20231116 18:46:53.408" level="INFO">Current location is 'http://127.0.0.1:5500/profiler/index.html'.</msg>
<status status="PASS" starttime="20231116 18:46:53.402" endtime="20231116 18:46:53.408"/>
</kw>
<status status="PASS" starttime="20231116 18:46:53.401" endtime="20231116 18:46:53.409"/>
</kw>
<status status="PASS" starttime="20231116 18:46:53.202" endtime="20231116 18:46:53.409"/>
</test>
<test id="s1-s1-s1-s1-t4" name="Cenário: Login com email invalido" line="35">
<kw name="Vai até tela de Login" library="resources">
<kw name="Go To" library="SeleniumLibrary">
<arg>${URL_LOGIN}</arg>
<doc>Navigates the current browser window to the provided ``url``.</doc>
<msg timestamp="20231116 18:46:53.411" level="INFO">Opening url 'http://127.0.0.1:5500/profiler/index.html'</msg>
<status status="PASS" starttime="20231116 18:46:53.411" endtime="20231116 18:46:53.434"/>
</kw>
<status status="PASS" starttime="20231116 18:46:53.410" endtime="20231116 18:46:53.434"/>
</kw>
<kw name="Está na tela de Login" library="resources">
<kw name="Location Should Be" library="SeleniumLibrary">
<arg>${URL_LOGIN}</arg>
<doc>Verifies that the current URL is exactly ``url``.</doc>
<msg timestamp="20231116 18:46:53.439" level="INFO">Current location is 'http://127.0.0.1:5500/profiler/index.html'.</msg>
<status status="PASS" starttime="20231116 18:46:53.435" endtime="20231116 18:46:53.439"/>
</kw>
<status status="PASS" starttime="20231116 18:46:53.435" endtime="20231116 18:46:53.439"/>
</kw>
<kw name="Digita um email invalido">
<arg>${EMAIL_INVALIDO}</arg>
<kw name="Input Text" library="SeleniumLibrary">
<arg>login-email</arg>
<arg>${EMAIL_INVALIDO}</arg>
<doc>Types the given ``text`` into the text field identified by ``locator``.</doc>
<msg timestamp="20231116 18:46:53.441" level="INFO">Typing text 'erradoemail.com' into text field 'login-email'.</msg>
<status status="PASS" starttime="20231116 18:46:53.440" endtime="20231116 18:46:53.508"/>
</kw>
<status status="PASS" starttime="20231116 18:46:53.439" endtime="20231116 18:46:53.508"/>
</kw>
<kw name="Digita uma senha valida">
<arg>${PASSWORD_CERTO}</arg>
<kw name="Input Text" library="SeleniumLibrary">
<arg>login-password</arg>
<arg>${PASSWORD_CERTO}</arg>
<doc>Types the given ``text`` into the text field identified by ``locator``.</doc>
<msg timestamp="20231116 18:46:53.509" level="INFO">Typing text 'password123' into text field 'login-password'.</msg>
<status status="PASS" starttime="20231116 18:46:53.509" endtime="20231116 18:46:53.595"/>
</kw>
<status status="PASS" starttime="20231116 18:46:53.508" endtime="20231116 18:46:53.595"/>
</kw>
<kw name="Clica no botao Login">
<kw name="Click Element" library="SeleniumLibrary">
<arg>login-button</arg>
<doc>Click the element identified by ``locator``.</doc>
<msg timestamp="20231116 18:46:53.597" level="INFO">Clicking element 'login-button'.</msg>
<status status="PASS" starttime="20231116 18:46:53.596" endtime="20231116 18:46:53.626"/>
</kw>
<status status="PASS" starttime="20231116 18:46:53.596" endtime="20231116 18:46:53.626"/>
</kw>
<kw name="Campo email está destacado">
<kw name="Run Keyword And Return Status" library="BuiltIn">
<var>${isHighlighted}</var>
<arg>Wait Until Page Contains Element</arg>
<arg>//div[@id="login-password" and contains(@class,'highlight')]</arg>
<arg>${TIMEOUT AJAX}</arg>
<doc>Runs the given keyword with given arguments and returns the status as a Boolean value.</doc>
<kw name="Wait Until Page Contains Element" library="SeleniumLibrary">
<arg>//div[@id="login-password" and contains(@class,'highlight')]</arg>
<arg>${TIMEOUT AJAX}</arg>
<doc>Waits until the element ``locator`` appears on the current page.</doc>
<msg timestamp="20231116 18:46:53.628" level="FAIL">Variable '${TIMEOUT AJAX}' not found.</msg>
<status status="FAIL" starttime="20231116 18:46:53.627" endtime="20231116 18:46:53.628"/>
</kw>
<msg timestamp="20231116 18:46:53.628" level="INFO">${isHighlighted} = False</msg>
<status status="PASS" starttime="20231116 18:46:53.627" endtime="20231116 18:46:53.628"/>
</kw>
<kw name="Run Keyword If" library="BuiltIn">
<arg>${isHighlighted}</arg>
<arg>is ${TRUE}</arg>
<doc>Runs the given keyword with the given arguments, if ``condition`` is true.</doc>
<status status="PASS" starttime="20231116 18:46:53.629" endtime="20231116 18:46:53.629"/>
</kw>
<status status="PASS" starttime="20231116 18:46:53.626" endtime="20231116 18:46:53.629"/>
</kw>
<kw name="Está na tela de Login" library="resources">
<kw name="Location Should Be" library="SeleniumLibrary">
<arg>${URL_LOGIN}</arg>
<doc>Verifies that the current URL is exactly ``url``.</doc>
<msg timestamp="20231116 18:46:53.650" level="INFO">Current location is 'http://127.0.0.1:5500/profiler/index.html'.</msg>
<status status="PASS" starttime="20231116 18:46:53.630" endtime="20231116 18:46:53.650"/>
</kw>
<status status="PASS" starttime="20231116 18:46:53.630" endtime="20231116 18:46:53.650"/>
</kw>
<status status="PASS" starttime="20231116 18:46:53.410" endtime="20231116 18:46:53.651"/>
</test>
<test id="s1-s1-s1-s1-t5" name="Cenário: Login com senha inválida" line="45">
<kw name="Vai até tela de Login" library="resources">
<kw name="Go To" library="SeleniumLibrary">
<arg>${URL_LOGIN}</arg>
<doc>Navigates the current browser window to the provided ``url``.</doc>
<msg timestamp="20231116 18:46:53.653" level="INFO">Opening url 'http://127.0.0.1:5500/profiler/index.html'</msg>
<status status="PASS" starttime="20231116 18:46:53.653" endtime="20231116 18:46:53.672"/>
</kw>
<status status="PASS" starttime="20231116 18:46:53.652" endtime="20231116 18:46:53.673"/>
</kw>
<kw name="Está na tela de Login" library="resources">
<kw name="Location Should Be" library="SeleniumLibrary">
<arg>${URL_LOGIN}</arg>
<doc>Verifies that the current URL is exactly ``url``.</doc>
<msg timestamp="20231116 18:46:53.676" level="INFO">Current location is 'http://127.0.0.1:5500/profiler/index.html'.</msg>
<status status="PASS" starttime="20231116 18:46:53.673" endtime="20231116 18:46:53.676"/>
</kw>
<status status="PASS" starttime="20231116 18:46:53.673" endtime="20231116 18:46:53.677"/>
</kw>
<kw name="Digita um email valido">
<arg>${EMAIL_CERTO}</arg>
<kw name="Input Text" library="SeleniumLibrary">
<arg>login-email</arg>
<arg>${EMAIL_CERTO}</arg>
<doc>Types the given ``text`` into the text field identified by ``locator``.</doc>
<msg timestamp="20231116 18:46:53.678" level="INFO">Typing text 'luiz@email.com' into text field 'login-email'.</msg>
<status status="PASS" starttime="20231116 18:46:53.677" endtime="20231116 18:46:53.766"/>
</kw>
<status status="PASS" starttime="20231116 18:46:53.677" endtime="20231116 18:46:53.766"/>
</kw>
<kw name="Digita uma senha invalida">
<arg>${PASSWORD_INVALIDO}</arg>
<kw name="Input Text" library="SeleniumLibrary">
<arg>login-password</arg>
<arg>${PASSWORD_INVALIDO}</arg>
<doc>Types the given ``text`` into the text field identified by ``locator``.</doc>
<msg timestamp="20231116 18:46:53.769" level="INFO">Typing text '123' into text field 'login-password'.</msg>
<status status="PASS" starttime="20231116 18:46:53.768" endtime="20231116 18:46:53.870"/>
</kw>
<status status="PASS" starttime="20231116 18:46:53.767" endtime="20231116 18:46:53.871"/>
</kw>
<kw name="Clica no botao Login">
<kw name="Click Element" library="SeleniumLibrary">
<arg>login-button</arg>
<doc>Click the element identified by ``locator``.</doc>
<msg timestamp="20231116 18:46:53.872" level="INFO">Clicking element 'login-button'.</msg>
<status status="PASS" starttime="20231116 18:46:53.871" endtime="20231116 18:46:53.925"/>
</kw>
<status status="PASS" starttime="20231116 18:46:53.871" endtime="20231116 18:46:53.925"/>
</kw>
<kw name="Campo senha está destacado">
<kw name="Run Keyword And Return Status" library="BuiltIn">
<var>${isHighlighted}</var>
<arg>Wait Until Page Contains Element</arg>
<arg>//div[@id="login-password" and contains(@class,'highlight')]</arg>
<arg>${TIMEOUT AJAX}</arg>
<doc>Runs the given keyword with given arguments and returns the status as a Boolean value.</doc>
<kw name="Wait Until Page Contains Element" library="SeleniumLibrary">
<arg>//div[@id="login-password" and contains(@class,'highlight')]</arg>
<arg>${TIMEOUT AJAX}</arg>
<doc>Waits until the element ``locator`` appears on the current page.</doc>
<msg timestamp="20231116 18:46:53.927" level="FAIL">Variable '${TIMEOUT AJAX}' not found.</msg>
<status status="FAIL" starttime="20231116 18:46:53.926" endtime="20231116 18:46:53.927"/>
</kw>
<msg timestamp="20231116 18:46:53.927" level="INFO">${isHighlighted} = False</msg>
<status status="PASS" starttime="20231116 18:46:53.925" endtime="20231116 18:46:53.927"/>
</kw>
<kw name="Run Keyword If" library="BuiltIn">
<arg>${isHighlighted}</arg>
<arg>is ${TRUE}</arg>
<doc>Runs the given keyword with the given arguments, if ``condition`` is true.</doc>
<status status="PASS" starttime="20231116 18:46:53.928" endtime="20231116 18:46:53.928"/>
</kw>
<status status="PASS" starttime="20231116 18:46:53.925" endtime="20231116 18:46:53.929"/>
</kw>
<kw name="Está na tela de Login" library="resources">
<kw name="Location Should Be" library="SeleniumLibrary">
<arg>${URL_LOGIN}</arg>
<doc>Verifies that the current URL is exactly ``url``.</doc>
<msg timestamp="20231116 18:46:53.935" level="INFO">Current location is 'http://127.0.0.1:5500/profiler/index.html'.</msg>
<status status="PASS" starttime="20231116 18:46:53.930" endtime="20231116 18:46:53.935"/>
</kw>
<status status="PASS" starttime="20231116 18:46:53.929" endtime="20231116 18:46:53.935"/>
</kw>
<status status="PASS" starttime="20231116 18:46:53.651" endtime="20231116 18:46:53.936"/>
</test>
<test id="s1-s1-s1-s1-t6" name="Cenário: Usuário clica em &quot;Sign Up&quot;" line="55">
<kw name="Vai até tela de Login" library="resources">
<kw name="Go To" library="SeleniumLibrary">
<arg>${URL_LOGIN}</arg>
<doc>Navigates the current browser window to the provided ``url``.</doc>
<msg timestamp="20231116 18:46:53.938" level="INFO">Opening url 'http://127.0.0.1:5500/profiler/index.html'</msg>
<status status="PASS" starttime="20231116 18:46:53.938" endtime="20231116 18:46:53.957"/>
</kw>
<status status="PASS" starttime="20231116 18:46:53.937" endtime="20231116 18:46:53.958"/>
</kw>
<kw name="Está na tela de Login" library="resources">
<kw name="Location Should Be" library="SeleniumLibrary">
<arg>${URL_LOGIN}</arg>
<doc>Verifies that the current URL is exactly ``url``.</doc>
<msg timestamp="20231116 18:46:53.961" level="INFO">Current location is 'http://127.0.0.1:5500/profiler/index.html'.</msg>
<status status="PASS" starttime="20231116 18:46:53.958" endtime="20231116 18:46:53.962"/>
</kw>
<status status="PASS" starttime="20231116 18:46:53.958" endtime="20231116 18:46:53.962"/>
</kw>
<kw name="Clica no botao Sign Up">
<kw name="Click Element" library="SeleniumLibrary">
<arg>login-signup</arg>
<doc>Click the element identified by ``locator``.</doc>
<msg timestamp="20231116 18:46:53.963" level="INFO">Clicking element 'login-signup'.</msg>
<status status="PASS" starttime="20231116 18:46:53.963" endtime="20231116 18:46:54.040"/>
</kw>
<status status="PASS" starttime="20231116 18:46:53.962" endtime="20231116 18:46:54.041"/>
</kw>
<kw name="Abre a pagina de Sign Up" library="resources">
<kw name="Open Browser" library="SeleniumLibrary">
<arg>${URL_SIGNUP}</arg>
<arg>${BROWSER}</arg>
<doc>Opens a new browser instance to the optional ``url``.</doc>
<msg timestamp="20231116 18:46:54.042" level="INFO">Opening browser 'Chrome' to base url 'http://127.0.0.1:5500/profiler/src/signup.html'.</msg>
<status status="PASS" starttime="20231116 18:46:54.041" endtime="20231116 18:46:56.441"/>
</kw>
<status status="PASS" starttime="20231116 18:46:54.041" endtime="20231116 18:46:56.442"/>
</kw>
<kw name="Está na tela de Sign Up" library="resources">
<kw name="Location Should Be" library="SeleniumLibrary">
<arg>${URL_SIGNUP}</arg>
<doc>Verifies that the current URL is exactly ``url``.</doc>
<msg timestamp="20231116 18:46:56.448" level="INFO">Current location is 'http://127.0.0.1:5500/profiler/src/signup.html'.</msg>
<status status="PASS" starttime="20231116 18:46:56.443" endtime="20231116 18:46:56.448"/>
</kw>
<status status="PASS" starttime="20231116 18:46:56.442" endtime="20231116 18:46:56.449"/>
</kw>
<status status="PASS" starttime="20231116 18:46:53.937" endtime="20231116 18:46:56.449"/>
</test>
<doc>Testes da Tela de Login</doc>
<status status="PASS" starttime="20231116 18:46:49.917" endtime="20231116 18:46:56.451"/>
</suite>
<status status="PASS" starttime="20231116 18:46:49.915" endtime="20231116 18:46:56.453"/>
</suite>
<status status="PASS" starttime="20231116 18:46:49.912" endtime="20231116 18:46:56.454"/>
</suite>
<status status="PASS" starttime="20231116 18:46:49.890" endtime="20231116 18:46:56.456"/>
</suite>
<statistics>
<total>
<stat pass="6" fail="0" skip="0">All Tests</stat>
</total>
<tag>
</tag>
<suite>
<stat pass="6" fail="0" skip="0" id="s1" name="Usb-Teste-Software">Usb-Teste-Software</stat>
<stat pass="6" fail="0" skip="0" id="s1-s1" name="Profiler">Usb-Teste-Software.Profiler</stat>
<stat pass="6" fail="0" skip="0" id="s1-s1-s1" name="Tests">Usb-Teste-Software.Profiler.Tests</stat>
<stat pass="6" fail="0" skip="0" id="s1-s1-s1-s1" name="Login">Usb-Teste-Software.Profiler.Tests.Login</stat>
</suite>
</statistics>
<errors>
</errors>
</robot>
