<?xml version="1.0" encoding="UTF-8"?>
<robot generator="Robot 6.1.1 (Python 3.11.6 on darwin)" generated="20231116 23:10:03.309" rpa="false" schemaversion="4">
<suite id="s1" name="Usb-Teste-Software" source="/Users/luizaraujo/Desktop/Github/Web/Projects/usb-teste-software">
<suite id="s1-s1" name="Profiler" source="/Users/luizaraujo/Desktop/Github/Web/Projects/usb-teste-software/profiler">
<suite id="s1-s1-s1" name="Tests" source="/Users/luizaraujo/Desktop/Github/Web/Projects/usb-teste-software/profiler/tests">
<suite id="s1-s1-s1-s1" name="Signup" source="/Users/luizaraujo/Desktop/Github/Web/Projects/usb-teste-software/profiler/tests/signup.robot">
<test id="s1-s1-s1-s1-t1" name="Cenário: Usuário toque no botão Login" line="65">
<kw name="Given Abre a página de Sign Up" library="resources">
<kw name="Open Browser" library="SeleniumLibrary">
<arg>${URL_SIGNUP}</arg>
<arg>${BROWSER}</arg>
<doc>Opens a new browser instance to the optional ``url``.</doc>
<msg timestamp="20231116 23:10:03.464" level="INFO">Opening browser 'Chrome' to base url 'http://127.0.0.1:5500/profiler/src/signup.html'.</msg>
<status status="PASS" starttime="20231116 23:10:03.463" endtime="20231116 23:10:06.094"/>
</kw>
<status status="PASS" starttime="20231116 23:10:03.460" endtime="20231116 23:10:06.095"/>
</kw>
<kw name="And Está na tela de Sign Up" library="resources">
<kw name="Location Should Be" library="SeleniumLibrary">
<arg>${URL_SIGNUP}</arg>
<doc>Verifies that the current URL is exactly ``url``.</doc>
<msg timestamp="20231116 23:10:06.109" level="INFO">Current location is 'http://127.0.0.1:5500/profiler/src/signup.html'.</msg>
<status status="PASS" starttime="20231116 23:10:06.104" endtime="20231116 23:10:06.110"/>
</kw>
<status status="PASS" starttime="20231116 23:10:06.099" endtime="20231116 23:10:06.110"/>
</kw>
<kw name="When Clica no botao Login">
<kw name="Click Element" library="SeleniumLibrary">
<arg>signup-login</arg>
<doc>Click the element identified by ``locator``.</doc>
<msg timestamp="20231116 23:10:06.116" level="INFO">Clicking element 'signup-login'.</msg>
<status status="PASS" starttime="20231116 23:10:06.115" endtime="20231116 23:10:06.199"/>
</kw>
<status status="PASS" starttime="20231116 23:10:06.114" endtime="20231116 23:10:06.200"/>
</kw>
<kw name="Then Está na tela de Login" library="resources">
<kw name="Location Should Be" library="SeleniumLibrary">
<arg>${URL_LOGIN}</arg>
<doc>Verifies that the current URL is exactly ``url``.</doc>
<msg timestamp="20231116 23:10:06.210" level="INFO">Current location is 'http://127.0.0.1:5500/profiler/index.html'.</msg>
<status status="PASS" starttime="20231116 23:10:06.204" endtime="20231116 23:10:06.210"/>
</kw>
<status status="PASS" starttime="20231116 23:10:06.200" endtime="20231116 23:10:06.210"/>
</kw>
<status status="PASS" starttime="20231116 23:10:03.459" endtime="20231116 23:10:06.214"/>
</test>
<doc>Testes da Tela Sign Up</doc>
<status status="PASS" starttime="20231116 23:10:03.335" endtime="20231116 23:10:06.216"/>
</suite>
<status status="PASS" starttime="20231116 23:10:03.333" endtime="20231116 23:10:06.218"/>
</suite>
<status status="PASS" starttime="20231116 23:10:03.332" endtime="20231116 23:10:06.219"/>
</suite>
<status status="PASS" starttime="20231116 23:10:03.315" endtime="20231116 23:10:06.220"/>
</suite>
<statistics>
<total>
<stat pass="1" fail="0" skip="0">All Tests</stat>
</total>
<tag>
</tag>
<suite>
<stat pass="1" fail="0" skip="0" id="s1" name="Usb-Teste-Software">Usb-Teste-Software</stat>
<stat pass="1" fail="0" skip="0" id="s1-s1" name="Profiler">Usb-Teste-Software.Profiler</stat>
<stat pass="1" fail="0" skip="0" id="s1-s1-s1" name="Tests">Usb-Teste-Software.Profiler.Tests</stat>
<stat pass="1" fail="0" skip="0" id="s1-s1-s1-s1" name="Signup">Usb-Teste-Software.Profiler.Tests.Signup</stat>
</suite>
</statistics>
<errors>
</errors>
</robot>
